Arguments: 
  /home/amaury/.volta/tools/image/node/12.14.1/6.13.4/bin/node /home/amaury/.volta/tools/image/yarn/1.21.1/bin/yarn.js add @triptyk/json-api-server

PATH: 
  /home/amaury/.volta/tools/image/node/12.14.1/6.13.4/bin:/home/amaury/.volta/tools/image/yarn/1.21.1/bin:/home/amaury/Bin:/usr/local/sbin:/usr/local/bin:/usr/sbin:/usr/bin:/sbin:/bin:/usr/games:/usr/local/games:/snap/bin

Yarn version: 
  1.21.1

Node version: 
  12.14.1

Platform: 
  linux x64

Trace: 
  Error: https://registry.yarnpkg.com/@triptyk%2fjson-api-server: Not found
      at Request.params.callback [as _callback] (/home/amaury/.volta/tools/image/yarn/1.21.1/lib/cli.js:66947:18)
      at Request.self.callback (/home/amaury/.volta/tools/image/yarn/1.21.1/lib/cli.js:140665:22)
      at Request.emit (events.js:223:5)
      at Request.<anonymous> (/home/amaury/.volta/tools/image/yarn/1.21.1/lib/cli.js:141637:10)
      at Request.emit (events.js:223:5)
      at IncomingMessage.<anonymous> (/home/amaury/.volta/tools/image/yarn/1.21.1/lib/cli.js:141559:12)
      at Object.onceWrapper (events.js:312:28)
      at IncomingMessage.emit (events.js:228:7)
      at endReadableNT (_stream_readable.js:1185:12)
      at processTicksAndRejections (internal/process/task_queues.js:81:21)

npm manifest: 
  No manifest

yarn manifest: 
  No manifest

Lockfile: 
  No lockfile
